iteration time rthot held-out log-perplexity estimate
1 0 0.00781 21.06264
2 0 0.00780 38.34628
3 0 0.00780 38.04115
4 1 0.00779 14.65220
5 1 0.00779 21.28906
6 1 0.00778 130.98114
7 1 0.00778 22.21720
8 1 0.00777 36.40982
9 2 0.00776 35.18072
10 2 0.00776 27.91536
11 2 0.00775 24.98360
12 2 0.00775 27.49426
13 2 0.00774 28.69339
14 3 0.00774 72.75640
15 3 0.00773 25.09511
16 3 0.00773 15.26272
17 3 0.00772 143.30611
18 3 0.00772 19.56454
19 4 0.00771 23.12702
20 4 0.00771 26.39913
21 4 0.00770 23.04551
22 4 0.00770 33.25866
23 4 0.00769 46.22681
24 5 0.00769 58.02936
25 5 0.00768 19.92122
26 5 0.00768 38.84599
27 5 0.00767 32.07997
28 5 0.00767 31.48022
29 6 0.00766 19.58366
30 6 0.00766 13.50649
31 6 0.00765 18.92672
32 6 0.00765 66.75077
33 7 0.00764 41.20644
34 7 0.00764 19.31069
35 7 0.00763 30.43128
36 7 0.00763 33.06495
37 7 0.00762 26.29365
38 8 0.00762 48.48905
39 8 0.00761 29.88265
40 8 0.00761 78.17508
41 8 0.00760 59.15330
42 8 0.00760 51.35890
43 8 0.00759 55.65904
44 9 0.00759 260.67795
45 9 0.00758 138.84852
46 9 0.00758 27.83549
47 9 0.00757 19.69647
48 9 0.00757 23.98279
49 10 0.00756 82.98794
50 10 0.00756 41.45200
51 10 0.00755 33.86862
52 10 0.00755 21.71692
53 10 0.00754 15.84110
54 11 0.00754 20.48897
55 11 0.00753 22.43049
56 11 0.00753 43.49934
57 11 0.00752 23.80258
58 11 0.00752 51.25263
59 12 0.00751 49.90558
60 12 0.00751 31.75959
61 12 0.00750 32.07650
62 12 0.00750 55.70376
63 12 0.00749 37.97798
64 13 0.00749 29.39822
65 13 0.00748 38.81634
66 13 0.00748 27.13760
67 13 0.00747 41.81242
68 13 0.00747 28.47161
69 14 0.00746 33.42384
70 14 0.00746 177.90280
71 14 0.00745 33.38848
72 14 0.00745 30.46953
73 14 0.00744 19.87223
74 15 0.00744 30.42517
75 15 0.00744 19.66635
76 15 0.00743 187.33716
77 15 0.00743 30.51900
78 15 0.00742 190.84124
79 15 0.00742 119.92144
80 16 0.00741 30.19416
81 16 0.00741 24.62742
82 16 0.00740 28.49325
83 16 0.00740 54.01849
84 16 0.00739 23.08920
85 17 0.00739 29.71872
86 17 0.00738 86.82954
87 17 0.00738 20.68977
88 17 0.00737 39.19920
89 17 0.00737 41.49696
90 18 0.00737 26.10418
91 18 0.00736 28.77003
92 18 0.00736 77.59005
93 18 0.00735 15.55687
94 18 0.00735 28.00440
95 19 0.00734 55.14535
96 19 0.00734 46.46766
97 19 0.00733 65.56883
98 19 0.00733 28.77069
99 19 0.00732 39.55432
100 19 0.00732 49.56713
101 20 0.00731 19.10058
102 20 0.00731 29.39523
103 20 0.00731 47.22148
104 20 0.00730 24.54481
105 20 0.00730 42.45340
106 21 0.00729 15.62310
107 21 0.00729 43.11182
108 21 0.00728 26.76147
109 21 0.00728 27.66014
110 21 0.00727 80.01544
111 22 0.00727 52.44058
112 22 0.00726 34.01120
113 22 0.00726 144.50450
114 22 0.00726 37.29403
115 22 0.00725 33.69899
116 23 0.00725 16.62302
117 23 0.00724 22.85222
118 23 0.00724 19.07667
119 23 0.00723 25.99135
120 23 0.00723 38.57494
121 24 0.00722 19.27519
122 24 0.00722 18.34435
123 24 0.00722 18.67406
124 24 0.00721 18.79714
125 24 0.00721 87.64805
126 25 0.00720 43.06579
127 25 0.00720 33.49879
128 25 0.00719 17.60167
129 25 0.00719 43.01284
130 25 0.00719 21.88451
131 26 0.00718 16.15789
132 26 0.00718 30.77402
133 26 0.00717 17.54600
134 26 0.00717 50.34197
135 26 0.00716 17.07221
136 27 0.00716 59.12741
137 27 0.00716 54.17759
138 27 0.00715 33.10544
139 27 0.00715 28.12532
140 27 0.00714 14.24082
141 28 0.00714 14.40303
142 28 0.00713 12.80453
143 28 0.00713 15.34802
144 28 0.00713 39.76099
145 28 0.00712 44.66054
146 29 0.00712 69.58958
147 29 0.00711 21.72878
148 29 0.00711 52.35545
149 29 0.00710 110.04633
150 29 0.00710 39.89168
151 30 0.00710 21.20007
152 30 0.00709 27.22255
153 30 0.00709 28.32578
154 30 0.00708 32.10891
155 30 0.00708 29.43700
156 30 0.00707 56.36847
157 31 0.00707 18.20285
158 31 0.00707 33.97314
159 31 0.00706 38.20728
160 31 0.00706 56.66564
161 31 0.00705 33.06365
162 32 0.00705 24.37173
163 32 0.00705 25.67537
164 32 0.00704 39.38009
165 32 0.00704 24.25354
166 32 0.00703 34.26306
167 33 0.00703 19.04231
168 33 0.00702 19.81826
169 33 0.00702 38.34212
170 33 0.00702 13.94415
171 33 0.00701 16.58091
172 34 0.00701 58.51673
173 34 0.00700 18.36177
174 34 0.00700 105.05315
175 34 0.00700 13.19190
176 34 0.00699 36.35792
177 35 0.00699 23.95343
178 35 0.00698 19.10127
179 35 0.00698 21.60627
180 35 0.00698 78.42334
181 35 0.00697 75.77570
182 36 0.00697 30.00838
183 36 0.00696 47.64940
184 36 0.00696 33.58225
185 36 0.00696 13.22327
186 36 0.00695 22.60709
187 37 0.00695 34.95048
188 37 0.00694 19.83367
189 37 0.00694 65.81410
190 37 0.00694 42.37456
191 37 0.00693 69.05796
192 37 0.00693 30.39743
193 38 0.00692 91.91017
194 38 0.00692 41.07221
195 38 0.00692 39.83359
196 38 0.00691 23.29315
197 38 0.00691 28.49887
198 39 0.00690 22.16566
199 39 0.00690 33.93454
200 39 0.00690 54.75015
201 39 0.00689 23.16541
202 39 0.00689 40.79491
203 39 0.00688 46.02517
204 40 0.00688 109.94009
205 40 0.00688 19.96899
206 40 0.00687 35.97833
207 40 0.00687 55.21989
208 40 0.00686 26.46074
209 41 0.00686 21.46470
210 41 0.00686 41.54101
211 41 0.00685 16.06744
212 41 0.00685 54.08599
213 41 0.00684 113.21103
214 42 0.00684 21.03476
215 42 0.00684 56.44248
216 42 0.00683 21.29467
217 42 0.00683 38.31856
218 42 0.00683 18.79446
219 43 0.00682 60.92019
220 43 0.00682 21.11348
221 43 0.00681 33.40860
222 43 0.00681 27.97833
223 43 0.00681 33.94120
224 43 0.00680 14.73455
225 44 0.00680 15.32565
226 44 0.00679 16.40482
227 44 0.00679 46.56212
228 44 0.00679 57.42863
229 44 0.00678 16.67640
230 45 0.00678 14.72446
231 45 0.00678 18.86269
232 45 0.00677 20.15861
233 45 0.00677 15.86898
234 46 0.00676 25.26599
235 46 0.00676 18.91124
236 46 0.00676 27.77065
237 46 0.00675 32.75400
238 46 0.00675 29.82158
239 46 0.00675 24.80575
240 47 0.00674 23.89689
241 47 0.00674 14.40668
242 47 0.00673 15.06094
243 47 0.00673 59.61469
244 47 0.00673 24.90215
245 48 0.00672 27.10814
246 48 0.00672 36.56663
247 48 0.00672 18.62500
248 48 0.00671 15.67397
249 48 0.00671 49.33013
250 49 0.00670 28.61847
251 49 0.00670 51.27413
252 49 0.00670 29.38674
253 49 0.00669 27.09070
254 49 0.00669 19.17435
255 50 0.00669 26.01248
256 50 0.00668 39.75343
257 50 0.00668 23.01214
258 50 0.00668 18.10222
259 50 0.00667 24.46143
260 50 0.00667 80.02257
261 51 0.00666 41.41826
262 51 0.00666 25.45285
263 51 0.00666 21.98359
264 51 0.00665 40.74324
265 51 0.00665 64.06983
266 52 0.00665 15.54705
267 52 0.00664 59.80562
268 52 0.00664 17.38946
269 52 0.00664 52.86859
270 52 0.00663 15.70074
271 53 0.00663 20.48312
272 53 0.00662 28.93730
273 53 0.00662 80.72341
274 53 0.00662 41.97986
275 53 0.00661 15.34681
276 54 0.00661 21.91354
277 54 0.00661 27.47462
278 54 0.00660 23.64663
1 54 0.00660 23.31964
2 54 0.00660 41.18247
3 54 0.00659 40.36970
4 55 0.00659 37.13580
5 55 0.00659 35.94202
6 55 0.00658 38.11762
7 55 0.00658 17.19734
8 55 0.00658 26.05912
9 56 0.00657 42.58881
10 56 0.00657 39.65176
11 56 0.00656 36.68573
12 56 0.00656 13.00094
13 56 0.00656 30.59054
14 56 0.00655 40.82364
15 57 0.00655 16.06166
16 57 0.00655 14.23934
17 57 0.00654 16.01430
18 57 0.00654 24.30122
19 58 0.00654 13.99272
20 58 0.00653 16.26459
21 58 0.00653 25.11434
22 58 0.00653 25.61926
23 58 0.00652 12.14762
24 59 0.00652 10.07326
25 59 0.00652 12.61501
26 59 0.00651 11.88897
27 59 0.00651 18.07625
28 59 0.00651 34.81220
29 60 0.00650 59.16260
30 60 0.00650 32.29264
31 60 0.00650 83.70151
32 60 0.00649 18.90698
33 60 0.00649 13.06500
34 61 0.00649 15.70209
35 61 0.00648 30.19898
36 61 0.00648 25.42285
37 61 0.00648 30.37063
38 61 0.00647 16.14239
39 62 0.00647 14.03639
40 62 0.00647 11.65096
41 62 0.00646 14.19961
42 62 0.00646 14.93783
43 62 0.00645 26.01711
44 63 0.00645 13.34791
45 63 0.00645 21.15730
46 63 0.00644 13.29449
47 63 0.00644 18.12439
48 63 0.00644 67.48545
49 64 0.00643 14.69413
50 64 0.00643 14.50020
51 64 0.00643 30.60076
52 64 0.00642 49.20148
53 64 0.00642 48.60345
54 65 0.00642 19.96741
55 65 0.00641 31.03737
56 65 0.00641 11.19712
57 65 0.00641 17.10827
58 65 0.00641 31.42567
59 66 0.00640 12.62796
60 66 0.00640 12.73864
61 66 0.00640 13.42424
62 66 0.00639 37.47434
63 66 0.00639 29.77211
64 67 0.00639 112.44599
65 67 0.00638 28.54200
66 67 0.00638 27.61315
67 67 0.00638 23.31468
68 67 0.00637 48.92407
69 68 0.00637 15.80879
70 68 0.00637 16.16649
71 68 0.00636 47.99769
72 68 0.00636 15.27587
73 68 0.00636 13.46198
74 69 0.00635 25.55548
75 69 0.00635 12.96276
76 69 0.00635 64.49375
77 69 0.00634 46.32688
78 69 0.00634 12.99026
79 69 0.00634 18.45907
80 70 0.00633 17.32254
81 70 0.00633 16.52901
82 70 0.00633 10.89597
83 70 0.00632 16.26475
84 71 0.00632 15.47037
85 71 0.00632 21.52823
86 71 0.00631 11.74864
87 71 0.00631 26.41435
88 71 0.00631 17.68392
89 72 0.00630 12.22906
90 72 0.00630 12.55627
91 72 0.00630 41.60202
92 72 0.00630 11.95169
93 72 0.00629 12.70101
94 73 0.00629 13.35225
95 73 0.00629 15.96588
96 73 0.00628 18.69566
97 73 0.00628 26.04898
98 73 0.00628 14.79074
99 74 0.00627 35.21337
100 74 0.00627 25.09780
101 74 0.00627 33.23356
102 74 0.00626 12.45540
103 74 0.00626 15.97388
104 75 0.00626 17.33038
105 75 0.00625 14.96476
106 75 0.00625 14.39058
107 75 0.00625 19.31269
108 75 0.00625 12.21647
109 76 0.00624 16.10130
110 76 0.00624 12.00882
111 76 0.00624 13.32724
112 76 0.00623 58.05468
113 76 0.00623 13.60847
114 77 0.00623 19.87378
115 77 0.00622 140.66223
116 77 0.00622 36.46500
117 77 0.00622 20.41436
118 77 0.00621 13.93701
119 78 0.00621 25.54224
120 78 0.00621 24.19832
121 78 0.00621 11.57608
122 78 0.00620 16.91604
123 78 0.00620 13.28610
124 79 0.00620 10.10483
125 79 0.00619 11.11586
126 79 0.00619 31.14616
127 79 0.00619 19.15947
128 79 0.00618 10.69249
129 80 0.00618 12.75487
130 80 0.00618 16.88361
131 80 0.00617 31.95065
132 80 0.00617 30.48320
133 80 0.00617 13.87652
134 81 0.00617 57.04584
135 81 0.00616 18.45320
136 81 0.00616 16.54156
137 81 0.00616 16.63792
138 81 0.00615 32.60977
139 81 0.00615 46.17998
140 82 0.00615 14.93489
141 82 0.00614 17.87910
142 82 0.00614 12.40366
143 82 0.00614 35.66637
144 82 0.00614 15.48022
145 83 0.00613 34.48877
146 83 0.00613 70.34574
147 83 0.00613 17.18866
148 83 0.00612 15.74283
149 83 0.00612 17.36835
150 84 0.00612 12.11785
151 84 0.00612 16.82565
152 84 0.00611 39.38541
153 84 0.00611 31.31755
154 84 0.00611 24.50818
155 85 0.00610 12.23200
156 85 0.00610 10.15923
157 85 0.00610 11.94063
158 85 0.00609 13.93048
159 85 0.00609 25.07582
160 86 0.00609 79.17846
161 86 0.00609 16.06962
162 86 0.00608 17.65949
163 86 0.00608 13.72898
164 86 0.00608 23.59984
165 86 0.00607 87.38908
166 87 0.00607 26.53898
167 87 0.00607 19.53597
168 87 0.00607 16.12294
169 87 0.00606 24.12739
170 87 0.00606 108.85830
171 88 0.00606 39.85157
172 88 0.00605 10.00540
173 88 0.00605 12.10608
174 88 0.00605 29.40546
175 88 0.00605 14.04109
176 89 0.00604 11.11058
177 89 0.00604 25.53379
178 89 0.00604 9.31111
179 89 0.00603 10.47355
180 89 0.00603 11.72911
181 90 0.00603 10.21522
182 90 0.00603 12.91149
183 90 0.00602 13.79221
184 90 0.00602 24.92431
185 90 0.00602 40.00391
186 91 0.00601 64.48497
187 91 0.00601 31.83511
188 91 0.00601 24.66981
189 91 0.00601 10.19913
190 91 0.00600 11.26844
191 92 0.00600 19.25912
192 92 0.00600 16.99449
193 92 0.00599 23.10023
194 92 0.00599 22.20281
195 92 0.00599 11.85672
196 93 0.00599 20.06116
197 93 0.00598 12.84412
198 93 0.00598 12.32778
199 93 0.00598 31.56823
200 93 0.00597 9.19482
201 94 0.00597 13.48291
202 94 0.00597 10.01413
203 94 0.00597 17.19715
204 94 0.00596 29.92452
205 94 0.00596 14.68818
206 95 0.00596 55.41864
207 95 0.00596 10.69148
208 95 0.00595 10.81886
209 95 0.00595 16.50291
210 95 0.00595 41.27804
211 96 0.00594 24.21860
212 96 0.00594 12.66446
213 96 0.00594 12.00956
214 96 0.00594 15.10593
215 96 0.00593 18.98375
216 97 0.00593 38.54210
217 97 0.00593 14.05939
218 97 0.00593 30.66648
219 97 0.00592 14.80768
220 97 0.00592 12.03553
221 97 0.00592 11.50416
222 98 0.00591 10.19622
223 98 0.00591 10.47066
224 98 0.00591 25.94892
225 98 0.00591 15.64250
226 98 0.00590 12.42587
227 99 0.00590 16.99637
228 99 0.00590 9.20898
229 99 0.00590 10.86032
230 99 0.00589 12.42278
231 100 0.00589 12.74744
232 100 0.00589 15.92178
233 100 0.00588 13.97751
234 100 0.00588 32.14049
235 100 0.00588 30.75666
236 100 0.00588 34.07641
237 101 0.00587 19.06892
238 101 0.00587 9.19038
239 101 0.00587 13.54336
240 101 0.00587 10.05801
241 101 0.00586 17.21959
242 102 0.00586 9.56973
243 102 0.00586 10.38959
244 102 0.00586 33.19131
245 102 0.00585 11.76449
246 102 0.00585 59.52719
247 103 0.00585 10.95865
248 103 0.00584 17.99471
249 103 0.00584 15.69664
250 103 0.00584 34.60479
251 103 0.00584 9.25482
252 104 0.00583 10.27886
253 104 0.00583 10.95040
254 104 0.00583 10.69227
255 104 0.00583 14.19194
256 104 0.00582 12.32823
257 105 0.00582 10.40953
258 105 0.00582 20.35565
259 105 0.00582 11.99374
260 105 0.00581 12.54198
261 105 0.00581 58.95825
262 106 0.00581 22.17246
263 106 0.00581 12.88780
264 106 0.00580 29.89298
265 106 0.00580 19.24204
266 106 0.00580 8.48308
267 107 0.00580 27.37962
268 107 0.00579 9.35038
269 107 0.00579 23.76980
270 107 0.00579 10.40321
271 107 0.00578 69.83915
272 107 0.00578 96.48835
273 108 0.00578 47.79352
274 108 0.00578 14.59909
275 108 0.00577 8.47087
276 108 0.00577 13.08196
277 108 0.00577 17.69080
278 109 0.00577 13.70870
1 109 0.00576 21.36078
2 109 0.00576 21.92816
3 109 0.00576 15.84637
4 109 0.00576 25.09039
5 110 0.00575 9.45502
6 110 0.00575 58.29192
7 110 0.00575 25.52920
8 110 0.00575 27.80056
9 110 0.00574 31.20794
10 110 0.00574 11.80344
11 111 0.00574 25.92851
12 111 0.00574 24.15028
13 111 0.00573 21.01439
14 111 0.00573 9.36619
15 111 0.00573 18.25590
16 112 0.00573 16.11902
17 112 0.00572 12.30256
18 112 0.00572 13.03045
19 112 0.00572 10.02927
20 112 0.00572 10.01094
21 113 0.00571 15.57785
22 113 0.00571 12.35884
23 113 0.00571 9.18556
24 113 0.00571 12.63027
25 113 0.00570 25.94405
26 113 0.00570 10.89296
27 114 0.00570 10.47488
28 114 0.00570 52.53919
29 114 0.00569 19.84711
30 114 0.00569 19.31553
31 114 0.00569 9.22567
32 115 0.00569 10.31652
33 115 0.00568 9.78456
34 115 0.00568 15.96131
35 115 0.00568 10.48814
36 115 0.00568 27.74059
37 116 0.00567 12.74529
38 116 0.00567 25.57913
39 116 0.00567 11.99335
40 116 0.00567 10.32606
41 116 0.00566 7.86078
42 117 0.00566 11.91374
43 117 0.00566 14.15790
44 117 0.00566 22.59288
45 117 0.00565 8.98951
46 117 0.00565 9.44387
47 118 0.00565 12.78007
48 118 0.00565 9.80528
49 118 0.00564 12.06458
50 118 0.00564 10.38067
51 118 0.00564 14.01349
52 119 0.00564 12.22687
53 119 0.00564 11.98437
54 119 0.00563 17.21047
55 119 0.00563 10.15595
56 119 0.00563 27.49919
57 120 0.00563 8.73996
58 120 0.00562 8.09620
59 120 0.00562 21.79847
60 120 0.00562 33.39458
61 120 0.00562 11.37736
62 121 0.00561 8.58095
63 121 0.00561 9.99498
64 121 0.00561 14.03544
65 121 0.00561 15.49220
66 121 0.00560 13.11140
67 121 0.00560 13.90830
68 122 0.00560 10.61308
69 122 0.00560 11.53525
70 122 0.00559 14.29831
71 122 0.00559 15.58882
72 122 0.00559 7.63284
73 123 0.00559 9.56641
74 123 0.00559 11.15716
75 123 0.00558 13.05989
76 123 0.00558 11.58749
77 123 0.00558 11.57403
78 124 0.00558 9.12800
79 124 0.00557 10.15762
80 124 0.00557 29.18852
81 124 0.00557 9.55235
82 124 0.00557 42.59997
83 125 0.00556 16.54696
84 125 0.00556 10.11945
85 125 0.00556 19.12233
86 125 0.00556 13.48502
87 125 0.00555 8.44518
88 125 0.00555 16.63210
89 126 0.00555 9.90120
90 126 0.00555 19.15216
91 126 0.00555 17.21524
92 126 0.00554 9.07712
93 126 0.00554 9.03472
94 127 0.00554 9.33763
95 127 0.00554 10.94976
96 127 0.00553 9.87435
97 127 0.00553 9.25513
98 127 0.00553 15.20875
99 128 0.00553 17.26429
100 128 0.00552 9.19878
101 128 0.00552 18.41462
102 128 0.00552 19.83447
103 128 0.00552 8.72198
104 129 0.00552 9.02569
105 129 0.00551 8.71500
106 129 0.00551 9.36880
107 129 0.00551 15.28061
108 129 0.00551 8.72249
109 130 0.00550 9.38011
110 130 0.00550 12.57062
111 130 0.00550 19.15430
112 130 0.00550 11.69823
113 130 0.00549 8.32083
114 131 0.00549 23.57096
115 131 0.00549 12.66697
116 131 0.00549 7.14419
117 131 0.00549 8.59335
118 131 0.00548 13.27267
119 132 0.00548 8.14507
120 132 0.00548 9.86044
121 132 0.00548 9.72994
122 132 0.00547 9.93780
123 132 0.00547 18.05173
124 132 0.00547 15.52962
125 133 0.00547 8.06729
126 133 0.00547 19.90930
127 133 0.00546 12.88427
128 133 0.00546 12.62312
129 133 0.00546 10.25217
130 134 0.00546 14.62354
131 134 0.00545 13.91125
132 134 0.00545 12.76893
133 134 0.00545 7.82306
134 134 0.00545 7.72519
135 135 0.00545 8.59739
136 135 0.00544 8.40249
137 135 0.00544 9.78030
138 135 0.00544 8.51594
139 135 0.00544 8.89406
140 136 0.00543 8.55511
141 136 0.00543 10.54402
142 136 0.00543 8.99375
143 136 0.00543 16.25387
144 136 0.00543 17.30872
145 137 0.00542 8.10198
146 137 0.00542 17.93059
147 137 0.00542 9.96044
148 137 0.00542 39.37612
149 137 0.00541 8.53406
150 137 0.00541 11.68955
151 138 0.00541 8.07458
152 138 0.00541 9.18101
153 138 0.00541 23.14217
154 138 0.00540 10.50646
155 138 0.00540 15.30894
156 139 0.00540 7.06272
157 139 0.00540 10.35160
158 139 0.00539 9.59261
159 139 0.00539 10.29665
160 139 0.00539 16.23229
161 140 0.00539 10.01160
162 140 0.00539 7.36545
163 140 0.00538 9.93605
164 140 0.00538 10.16887
165 140 0.00538 7.52210
166 141 0.00538 7.87679
167 141 0.00538 27.10934
168 141 0.00537 12.56107
169 141 0.00537 73.49551
170 141 0.00537 7.57498
171 141 0.00537 10.11967
172 142 0.00536 13.84286
173 142 0.00536 8.90849
174 142 0.00536 8.04364
175 142 0.00536 7.04990
176 142 0.00536 11.56871
177 143 0.00535 19.35557
178 143 0.00535 8.71816
179 143 0.00535 8.65499
180 143 0.00535 10.18771
181 143 0.00535 9.77959
182 144 0.00534 7.48656
183 144 0.00534 9.25278
184 144 0.00534 10.43565
185 144 0.00534 19.94104
186 144 0.00533 23.54965
187 144 0.00533 9.11059
188 145 0.00533 9.36329
189 145 0.00533 18.23833
190 145 0.00533 7.78054
191 145 0.00532 20.92713
192 145 0.00532 8.78358
193 146 0.00532 10.70244
194 146 0.00532 7.89206
195 146 0.00532 12.51497
196 146 0.00531 7.31832
197 146 0.00531 7.70641
198 147 0.00531 8.08068
199 147 0.00531 10.16557
200 147 0.00531 10.12576
201 147 0.00530 7.83912
202 147 0.00530 15.15229
203 147 0.00530 9.31455
204 148 0.00530 9.52925
205 148 0.00529 6.63666
206 148 0.00529 25.56390
207 148 0.00529 12.18719
208 148 0.00529 10.16690
209 149 0.00529 9.82734
210 149 0.00528 7.41011
211 149 0.00528 7.23192
212 149 0.00528 7.24651
213 149 0.00528 11.85657
214 150 0.00528 7.35615
215 150 0.00527 10.38954
216 150 0.00527 6.89477
217 150 0.00527 12.37999
218 150 0.00527 13.70857
219 151 0.00527 13.22873
220 151 0.00526 8.27698
221 151 0.00526 11.28638
222 151 0.00526 7.05064
223 151 0.00526 8.05854
224 152 0.00526 6.89960
225 152 0.00525 10.91649
226 152 0.00525 32.79269
227 152 0.00525 11.18387
228 152 0.00525 6.83642
229 153 0.00525 7.72600
230 153 0.00524 12.43400
231 153 0.00524 6.34256
232 153 0.00524 12.52866
233 153 0.00524 9.96943
234 154 0.00524 18.11901
235 154 0.00523 13.19239
236 154 0.00523 8.80782
237 154 0.00523 11.04304
238 154 0.00523 8.28065
239 155 0.00523 6.38996
240 155 0.00522 7.13631
241 155 0.00522 7.76047
242 155 0.00522 9.25975
243 155 0.00522 7.98390
244 155 0.00522 8.54182
245 156 0.00521 7.04947
246 156 0.00521 8.17693
247 156 0.00521 7.21776
248 156 0.00521 8.51125
249 156 0.00521 8.23693
250 157 0.00520 6.98298
251 157 0.00520 10.17189
252 157 0.00520 10.07410
253 157 0.00520 11.24802
254 157 0.00520 7.27314
255 158 0.00519 7.54584
256 158 0.00519 8.32543
257 158 0.00519 12.01700
258 158 0.00519 6.45071
259 158 0.00519 6.87074
260 159 0.00518 9.09328
261 159 0.00518 14.07642
262 159 0.00518 8.19995
263 159 0.00518 12.79611
264 159 0.00518 7.68684
265 159 0.00517 7.53299
266 160 0.00517 7.10253
267 160 0.00517 8.53302
268 160 0.00517 8.15351
269 160 0.00517 7.41601
270 160 0.00516 8.30141
271 161 0.00516 9.04193
272 161 0.00516 7.30888
273 161 0.00516 7.37518
274 161 0.00516 8.72916
275 161 0.00515 6.51229
276 162 0.00515 6.58601
277 162 0.00515 6.90207
278 162 0.00515 7.27243
