network statistics
nodes: 1540
edges: 8703
directed: False

corpus statistics
number of training docs: 1386
number of testing docs: 154

model parameters
K: 300

training parameters
tau0: 1024.00
kappa: 0.70
batchsize: 5
epochs: 3

partition
community 0: 643 1413 
community 1: 505 
community 2: 46 56 57 77 85 86 90 98 101 102 120 131 138 161 222 223 224 230 236 237 249 261 262 271 272 280 285 286 288 298 299 308 312 313 316 322 323 326 369 372 373 386 395 420 424 425 426 427 431 432 436 437 439 445 449 455 463 464 465 470 478 483 494 504 506 516 535 553 555 597 622 625 627 634 635 637 638 644 646 647 648 649 650 651 652 653 654 655 656 657 658 659 660 661 662 663 669 670 680 721 769 778 817 825 841 842 843 847 848 860 867 869 871 889 890 891 892 894 895 897 903 934 935 936 937 938 939 940 941 942 943 944 945 946 947 948 949 950 951 952 953 954 955 956 957 958 959 960 961 962 963 964 965 966 967 968 969 970 971 972 973 974 975 976 977 978 979 980 981 982 983 984 985 986 987 988 989 1005 1007 1008 1009 1010 1011 1012 1013 1014 1015 1016 1017 1018 1019 1020 1021 1022 1023 1024 1025 1026 1027 1028 1029 1030 1031 1032 1033 1034 1035 1036 1037 1038 1039 1040 1041 1042 1043 1044 1045 1046 1047 1048 1049 1060 1061 1068 1070 1071 1072 1073 1074 1121 1129 1134 1136 1199 1209 1228 1234 1242 1246 1247 1282 1307 1312 1313 1314 1323 1354 1383 1384 1385 1387 1388 1424 1425 1445 1446 1448 1449 1450 1451 1452 1453 1454 1455 1456 1457 1458 1459 1460 1461 1467 1516 1519 1533 1536 1539 
community 3: 73 469 
community 4: 235 
community 5: 374 375 376 
community 6: 204 207 225 275 878 879 880 881 882 
community 7: 21 303 338 387 447 534 545 546 547 606 617 757 758 833 883 1164 1408 1426 1513 
community 8: 600 
community 9: 311 
community 10: 150 1130 
community 11: 1301 1522 
community 12: 306 746 
community 13: 1484 1487 1491 1496 
community 14: 603 1409 
community 15: 229 
community 16: 849 
community 17: 428 429 533 560 563 565 567 568 569 570 571 572 573 574 575 576 577 578 579 580 581 582 583 584 585 586 587 1524 
community 18: 1396 
community 19: 1376 
community 20: 7 397 1097 
community 21: 22 1240 
community 22: 121 149 310 460 853 1295 1364 1365 1366 
community 23: 510 1169 1284 1327 1328 
community 24: 556 
community 25: 365 
community 26: 1059 1206 1262 
community 27: 1367 1368 1369 1370 1371 1372 
community 28: 474 
community 29: 858 
community 30: 679 1138 1249 1250 1380 
community 31: 170 
community 32: 315 
community 33: 686 
community 34: 201 1116 
community 35: 300 301 1142 1144 1154 1157 1159 1166 
community 36: 459 
community 37: 1497 1498 1499 
community 38: 361 466 837 838 839 1204 
community 39: 134 146 394 517 788 789 1102 1103 1123 1124 1125 1196 1397 1537 1538 
community 40: 714 
community 41: 1139 1507 
community 42: 180 181 182 183 184 185 186 187 1207 
community 43: 4 438 904 1429 
community 44: 840 
community 45: 276 277 278 279 421 422 
community 46: 0 28 30 37 92 283 713 
community 47: 309 739 1412 
community 48: 20 109 156 205 206 430 512 513 514 640 641 702 
community 49: 1293 
community 50: 1363 
community 51: 901 902 1508 
community 52: 720 
community 53: 144 666 1184 1439 
community 54: 414 451 1132 
community 55: 67 753 
community 56: 71 
community 57: 1395 
community 58: 678 1252 1253 1254 1428 
community 59: 724 1335 1401 1402 1423 
community 60: 160 529 854 
community 61: 74 528 1258 1378 
community 62: 348 736 
community 63: 1256 
community 64: 68 
community 65: 302 
community 66: 1135 
community 67: 65 1482 1488 1490 1493 
community 68: 61 248 1411 
community 69: 532 1356 
community 70: 113 
community 71: 503 
community 72: 1394 
community 73: 240 518 598 599 856 875 876 877 1107 
community 74: 630 1193 1194 
community 75: 899 1492 
community 76: 83 704 1393 
community 77: 314 
community 78: 850 851 1128 1431 
community 79: 6 50 51 52 54 79 80 198 208 231 255 256 257 258 259 287 296 320 334 377 413 416 417 418 419 433 519 520 521 522 523 524 525 605 632 633 695 696 754 759 763 868 886 906 933 1110 1111 1114 1115 1126 1141 1175 1176 1177 1189 1190 1244 1263 1265 1266 1270 1271 1273 1274 1275 1276 1277 1278 1296 1297 1298 1318 1319 1320 1321 1331 1336 1337 1338 1339 1340 1343 1344 1345 1346 1347 1349 1350 1404 1438 1443 1444 1500 1501 1510 1511 1526 
community 80: 1304 
community 81: 360 866 1534 
community 82: 13 95 190 697 698 699 700 701 1197 1212 1512 1514 
community 83: 1131 1485 
community 84: 318 342 346 410 452 623 628 639 863 888 896 1106 1469 1470 
community 85: 336 
community 86: 1188 1239 
community 87: 18 19 711 1095 1109 1310 1329 1351 1435 1506 
community 88: 1119 
community 89: 193 265 319 388 389 405 1172 1227 1231 
community 90: 189 
community 91: 792 
community 92: 1 16 96 97 104 114 119 142 148 171 202 213 214 215 216 217 227 232 234 260 263 392 393 398 399 442 471 476 477 484 486 487 488 489 490 491 492 495 531 602 608 609 618 619 620 665 668 674 677 715 722 723 764 806 807 808 809 810 811 812 813 814 815 816 818 819 820 821 822 1084 1162 1168 1178 1210 1215 1216 1217 1218 1219 1230 1232 1233 1235 1236 1237 1238 1260 1261 1272 1286 1287 1288 1289 1290 1294 1308 1311 1334 1352 1361 1377 1379 1382 1386 1518 1527 1531 1532 
community 93: 1405 1406 1410 
community 94: 242 
community 95: 366 367 368 1269 
community 96: 41 42 43 44 45 48 49 
community 97: 233 824 1504 
community 98: 747 
community 99: 209 210 211 
community 100: 103 343 344 345 716 749 1520 
community 101: 228 884 
community 102: 105 153 226 266 281 289 290 291 292 293 354 446 727 1255 
community 103: 885 
community 104: 473 
community 105: 123 157 
community 106: 1127 
community 107: 515 
community 108: 17 
community 109: 485 725 726 1391 
community 110: 196 282 415 742 1100 
community 111: 1099 
community 112: 87 191 192 194 199 203 264 357 461 624 729 777 793 794 795 796 797 798 799 800 801 802 844 845 846 990 991 992 993 994 995 996 997 998 999 1000 1001 1050 1051 1052 1053 1054 1055 1057 1058 1133 1208 1257 1317 1437 
community 113: 1403 1432 
community 114: 200 238 317 450 480 554 607 681 687 691 827 1062 1063 1064 1065 1066 1067 1069 1187 1198 1200 1201 1202 1283 1442 
community 115: 852 
community 116: 509 805 859 
community 117: 1509 
community 118: 335 453 454 493 
community 119: 457 458 467 479 733 734 738 1525 
community 120: 143 861 862 905 1179 
community 121: 62 
community 122: 295 
community 123: 140 325 744 
community 124: 900 
community 125: 327 664 
community 126: 337 1528 1530 
community 127: 1466 
community 128: 2 53 55 58 59 239 243 244 245 297 370 371 378 379 380 382 406 407 408 435 440 441 443 448 550 631 667 773 1075 1076 1077 1078 1079 1080 1081 1082 1083 1105 1174 1221 1223 1225 1226 1305 1325 1326 1330 1480 
community 129: 1441 
community 130: 508 
community 131: 339 779 781 782 783 784 785 786 1006 1229 
community 132: 527 
community 133: 154 
community 134: 29 31 34 35 38 
community 135: 511 1211 1213 1494 
community 136: 136 167 168 169 172 173 1186 1279 
community 137: 32 33 36 39 
community 138: 218 730 731 760 761 762 
community 139: 81 544 
community 140: 362 
community 141: 499 
community 142: 1241 
community 143: 274 497 626 
community 144: 1462 
community 145: 826 
community 146: 351 636 673 682 685 688 690 692 
community 147: 1434 
community 148: 737 1243 
community 149: 604 1389 
community 150: 741 743 1464 1483 1489 1495 1503 
community 151: 294 
community 152: 273 507 557 558 559 561 562 564 588 589 590 591 592 593 594 595 621 745 1085 1086 1087 1088 1089 1090 1091 1092 1093 1094 1332 
community 153: 718 1245 
community 154: 383 384 385 391 
community 155: 108 356 530 683 684 693 694 1143 1145 1149 1150 1155 1167 1173 
community 156: 10 11 12 40 47 63 116 124 125 126 127 175 246 247 253 268 269 270 284 304 305 324 328 329 330 333 341 352 355 363 396 400 402 403 404 411 412 423 444 501 502 526 536 735 750 751 755 756 767 787 790 834 835 872 907 908 909 910 911 912 913 914 915 916 917 918 919 920 921 922 923 924 925 926 927 928 929 930 931 932 1002 1003 1004 1056 1101 1122 1222 1267 1268 1292 1300 1306 1315 1316 1341 1342 1348 1357 1373 1374 1381 1398 1407 1422 1427 1468 1517 
community 157: 498 
community 158: 251 740 1146 1148 1156 1390 1440 1447 1505 1521 
community 159: 321 719 1120 1191 1192 1220 1224 1353 
community 160: 468 765 
community 161: 340 
community 162: 456 
community 163: 112 115 122 141 780 
community 164: 8 9 88 89 91 93 100 139 151 152 174 307 347 349 350 551 675 728 752 836 870 898 1098 1104 1137 1140 1171 1183 1259 1299 1322 1324 1333 1535 
community 165: 78 1400 
community 166: 358 359 548 832 1280 
community 167: 111 601 887 893 
community 168: 671 1433 
community 169: 82 84 462 774 775 776 1415 1416 1417 1418 1419 1420 
community 170: 23 24 25 26 27 132 133 135 241 543 
community 171: 1303 
community 172: 539 540 768 1302 
community 173: 552 
community 174: 106 128 129 130 137 1185 
community 175: 732 
community 176: 475 
community 177: 1285 1436 1523 
community 178: 94 481 
community 179: 1160 1161 1163 1165 
community 180: 1421 
community 181: 676 
community 182: 712 823 
community 183: 188 353 873 874 1147 1151 1152 1153 1355 
community 184: 549 
community 185: 60 219 220 221 254 1248 1251 
community 186: 855 
community 187: 1108 
community 188: 1414 1430 
community 189: 689 
community 190: 611 1281 1309 1362 1486 
community 191: 482 500 
community 192: 75 76 107 158 159 
community 193: 705 706 707 708 709 710 
community 194: 3 5 15 99 117 118 176 177 178 179 195 364 434 537 538 566 612 613 614 615 616 766 1112 1113 1117 1180 1181 1182 1291 1481 
community 195: 1399 
community 196: 541 
community 197: 64 66 69 162 
community 198: 1118 
community 199: 610 1214 
community 200: 14 70 72 145 197 250 331 332 401 496 596 629 703 864 865 1158 1203 1358 1359 1360 1375 1463 1471 1472 1473 1474 1475 1476 1477 1478 1479 1515 1529 
community 201: 267 748 
community 202: 252 645 672 
community 203: 542 
community 204: 642 1392 
community 205: 1170 
community 206: 1502 
community 207: 110 147 155 163 164 165 166 212 381 390 409 472 717 770 791 831 857 1096 1195 1264 1465 
community 208: 828 829 830 1205 
community 209: 771 772 803 804 

performance
modularity: 0.6995
perplexity: 279.95
density: 0.0000 0.0000 0.1054 0.0000 0.0000 1.0000 0.4722 0.1637 0.0000 0.0000 0.0000 0.0000 0.0000 1.0000 0.0000 0.0000 0.0000 0.6587 0.0000 0.0000 0.0000 0.0000 0.1944 0.2000 0.0000 0.0000 1.0000 1.0000 0.0000 0.0000 0.6000 0.0000 0.0000 0.0000 0.0000 0.8571 0.0000 1.0000 0.0667 0.2571 0.0000 0.0000 0.7778 0.6667 0.0000 0.9333 0.0952 0.0000 0.5909 0.0000 0.0000 1.0000 0.0000 0.6667 0.6667 0.0000 0.0000 0.0000 0.5000 0.3000 0.6667 0.0000 0.0000 0.0000 0.0000 0.0000 0.0000 0.6000 0.0000 0.0000 0.0000 0.0000 0.0000 0.3889 0.6667 0.0000 0.0000 0.0000 0.5000 0.1589 0.0000 0.0000 0.1818 0.0000 0.1978 0.0000 0.0000 0.1778 0.0000 0.2500 0.0000 0.0000 0.1404 0.6667 0.0000 0.5000 1.0000 0.0000 0.0000 1.0000 0.7619 0.0000 0.1429 0.0000 0.0000 0.0000 0.0000 0.0000 0.0000 0.3333 0.3000 0.0000 0.3184 0.0000 0.3667 0.0000 0.0000 0.0000 0.3333 0.3571 0.2000 0.0000 0.0000 0.0000 0.0000 0.0000 0.6667 0.0000 0.2057 0.0000 0.0000 0.5778 0.0000 0.0000 0.9000 0.5000 0.3929 0.8333 0.4000 0.0000 0.0000 0.0000 0.0000 0.0000 0.0000 0.0000 0.4286 0.0000 0.0000 0.0000 0.9048 0.0000 0.7512 0.0000 0.8333 0.2857 0.0730 0.0000 0.5778 0.4286 0.0000 0.0000 0.0000 1.0000 0.1373 1.0000 0.3000 0.5000 0.0000 0.5909 0.6444 0.0000 0.3333 0.0000 0.8000 0.0000 0.0000 0.0000 0.0000 1.0000 0.0000 0.0000 0.0000 0.6944 0.0000 0.7619 0.0000 0.0000 0.0000 0.0000 0.4000 0.0000 0.5000 1.0000 0.1195 0.0000 0.0000 0.6667 0.0000 0.0000 0.0890 0.0000 1.0000 0.0000 0.0000 0.0000 0.0000 0.3381 0.6667 1.0000 
TPR: 0.0000 0.0000 0.9167 0.0000 0.0000 1.0000 0.7778 0.6842 0.0000 0.0000 0.0000 0.0000 0.0000 1.0000 0.0000 0.0000 0.0000 0.9643 0.0000 0.0000 0.0000 0.0000 0.4444 0.0000 0.0000 0.0000 1.0000 1.0000 0.0000 0.0000 0.8000 0.0000 0.0000 0.0000 0.0000 1.0000 0.0000 1.0000 0.0000 0.8000 0.0000 0.0000 0.8889 0.7500 0.0000 1.0000 0.0000 0.0000 0.9167 0.0000 0.0000 1.0000 0.0000 0.7500 0.0000 0.0000 0.0000 0.0000 0.8000 0.6000 0.0000 0.0000 0.0000 0.0000 0.0000 0.0000 0.0000 0.8000 0.0000 0.0000 0.0000 0.0000 0.0000 0.7778 0.0000 0.0000 0.0000 0.0000 0.7500 0.9485 0.0000 0.0000 0.5833 0.0000 0.7143 0.0000 0.0000 0.3000 0.0000 0.5556 0.0000 0.0000 0.8611 0.0000 0.0000 0.7500 1.0000 0.0000 0.0000 1.0000 0.8571 0.0000 0.5000 0.0000 0.0000 0.0000 0.0000 0.0000 0.0000 0.0000 0.0000 0.0000 0.9000 0.0000 0.8400 0.0000 0.0000 0.0000 0.0000 0.8750 0.0000 0.0000 0.0000 0.0000 0.0000 0.0000 0.0000 0.0000 0.8958 0.0000 0.0000 0.9000 0.0000 0.0000 1.0000 0.7500 0.6250 1.0000 0.5000 0.0000 0.0000 0.0000 0.0000 0.0000 0.0000 0.0000 0.7500 0.0000 0.0000 0.0000 1.0000 0.0000 1.0000 0.0000 1.0000 0.7857 0.7290 0.0000 0.8000 0.7500 0.0000 0.0000 0.0000 1.0000 0.7647 0.0000 0.0000 0.7500 0.0000 1.0000 0.9000 0.0000 0.0000 0.0000 1.0000 0.0000 0.0000 0.0000 0.0000 1.0000 0.0000 0.0000 0.0000 0.8889 0.0000 1.0000 0.0000 0.0000 0.0000 0.0000 0.6000 0.0000 0.6000 1.0000 0.6000 0.0000 0.0000 0.7500 0.0000 0.0000 0.3636 0.0000 1.0000 0.0000 0.0000 0.0000 0.0000 0.7143 0.7500 1.0000 
cut ratio: 0.0007 0.0006 0.0006 0.0007 0.0006 0.0000 0.0000 0.0005 0.0006 0.0006 0.0007 0.0007 0.0007 0.0005 0.0007 0.0006 0.0006 0.0000 0.0006 0.0006 0.0007 0.0007 0.0002 0.0003 0.0006 0.0013 0.0000 0.0000 0.0006 0.0006 0.0001 0.0006 0.0006 0.0006 0.0007 0.0000 0.0006 0.0000 0.0005 0.0000 0.0019 0.0007 0.0001 0.0000 0.0006 0.0000 0.0004 0.0007 0.0001 0.0013 0.0006 0.0000 0.0006 0.0000 0.0000 0.0007 0.0006 0.0006 0.0001 0.0007 0.0000 0.0007 0.0007 0.0006 0.0006 0.0006 0.0006 0.0000 0.0007 0.0007 0.0006 0.0006 0.0006 0.0001 0.0000 0.0007 0.0007 0.0006 0.0002 0.0003 0.0006 0.0007 0.0001 0.0007 0.0005 0.0006 0.0007 0.0001 0.0006 0.0007 0.0006 0.0006 0.0005 0.0000 0.0006 0.0002 0.0000 0.0007 0.0006 0.0000 0.0000 0.0007 0.0001 0.0006 0.0006 0.0007 0.0006 0.0006 0.0006 0.0002 0.0001 0.0006 0.0002 0.0013 0.0005 0.0006 0.0007 0.0006 0.0002 0.0000 0.0003 0.0006 0.0006 0.0011 0.0006 0.0007 0.0000 0.0006 0.0006 0.0006 0.0006 0.0001 0.0006 0.0006 0.0000 0.0002 0.0000 0.0000 0.0002 0.0007 0.0006 0.0006 0.0006 0.0007 0.0006 0.0006 0.0000 0.0006 0.0007 0.0007 0.0000 0.0006 0.0002 0.0007 0.0000 0.0000 0.0005 0.0006 0.0000 0.0004 0.0007 0.0006 0.0006 0.0000 0.0014 0.0007 0.0001 0.0002 0.0007 0.0004 0.0000 0.0006 0.0002 0.0006 0.0000 0.0006 0.0006 0.0007 0.0007 0.0000 0.0006 0.0006 0.0007 0.0001 0.0006 0.0000 0.0006 0.0006 0.0007 0.0006 0.0001 0.0007 0.0000 0.0000 0.0007 0.0013 0.0006 0.0000 0.0006 0.0007 0.0004 0.0007 0.0000 0.0006 0.0007 0.0006 0.0006 0.0008 0.0000 0.0000 
conductance: 1.0000 1.0000 0.0249 1.0000 1.0000 0.0000 0.0000 0.2113 1.0000 1.0000 1.0000 1.0000 1.0000 0.2000 1.0000 1.0000 1.0000 0.0020 1.0000 1.0000 1.0000 1.0000 0.1765 0.3333 1.0000 1.0000 0.0000 0.0000 1.0000 1.0000 0.0769 1.0000 1.0000 1.0000 1.0000 0.0000 1.0000 0.0000 0.7143 0.0000 1.0000 1.0000 0.0175 0.0000 1.0000 0.0000 0.5000 1.0000 0.0127 1.0000 1.0000 0.0000 1.0000 0.0000 0.0000 1.0000 1.0000 1.0000 0.0909 0.4545 0.0000 1.0000 1.0000 1.0000 1.0000 1.0000 1.0000 0.0000 1.0000 1.0000 1.0000 1.0000 1.0000 0.0667 0.0000 1.0000 1.0000 1.0000 0.1429 0.0257 1.0000 1.0000 0.0769 1.0000 0.2340 1.0000 1.0000 0.0588 1.0000 0.3333 1.0000 1.0000 0.0436 0.0000 1.0000 0.1429 0.0000 1.0000 1.0000 0.0000 0.0000 1.0000 0.1034 1.0000 1.0000 1.0000 1.0000 1.0000 1.0000 0.2000 0.1429 1.0000 0.0164 1.0000 0.0795 1.0000 1.0000 1.0000 0.2000 0.0000 0.3333 1.0000 1.0000 1.0000 1.0000 1.0000 0.0000 1.0000 0.0866 1.0000 1.0000 0.0189 1.0000 1.0000 0.0000 0.1429 0.0000 0.0000 0.1429 1.0000 1.0000 1.0000 1.0000 1.0000 1.0000 1.0000 0.0000 1.0000 1.0000 1.0000 0.0000 1.0000 0.0129 1.0000 0.0000 0.0000 0.0891 1.0000 0.0000 0.1724 1.0000 1.0000 1.0000 0.0000 0.3216 0.5000 0.1429 0.1429 1.0000 0.0930 0.0000 1.0000 0.2000 1.0000 0.0000 1.0000 1.0000 1.0000 1.0000 0.0000 1.0000 1.0000 1.0000 0.0385 1.0000 0.0000 1.0000 1.0000 1.0000 1.0000 0.1111 1.0000 0.0000 0.0000 0.2296 1.0000 1.0000 0.0000 1.0000 1.0000 0.1681 1.0000 0.0000 1.0000 1.0000 1.0000 1.0000 0.1446 0.0000 0.0000 
F measure: NA
ARI: NA
NMI: NA
