network statistics
nodes: 1540
edges: 8703
directed: False

corpus statistics
average length: 100
number of training docs: 8000
number of testing docs: 2000

model parameters
T truncation: 500
K truncation: 8
eta: 2
alpha: 2
gamma: 2

training parameters
kappa: 0.95
tau: 1.00
scale: 1.00
batch size: 1
epochs: 3

partition
community 0: 46 56 57 77 85 98 101 114 161 222 223 224 230 249 261 288 312 313 316 322 369 386 424 425 426 427 436 437 439 445 478 483 504 506 516 535 597 625 627 638 644 647 648 650 651 653 655 656 657 658 662 663 669 670 680 842 843 847 860 863 871 890 891 892 895 934 935 937 938 939 940 941 942 943 944 945 946 947 948 949 950 951 952 953 954 955 956 957 958 959 960 961 962 963 964 965 966 967 968 969 970 971 972 973 974 975 976 977 978 979 980 981 982 983 984 985 986 987 988 989 1005 1007 1008 1009 1010 1011 1012 1013 1014 1015 1016 1017 1018 1019 1020 1021 1022 1023 1024 1025 1026 1027 1028 1029 1030 1031 1032 1033 1034 1035 1036 1037 1038 1039 1040 1041 1042 1043 1044 1045 1047 1048 1049 1060 1068 1072 1073 1074 1106 1136 1234 1246 1247 1307 1388 1425 1445 1446 1467 1519 1536 
community 1: 86 90 102 120 236 237 262 271 272 280 285 286 298 299 323 372 392 393 395 420 431 432 463 464 465 470 494 531 553 555 619 622 646 649 652 654 659 660 661 668 769 778 848 867 889 903 1046 1061 1070 1071 1129 1134 1198 1202 1209 1242 1282 1311 1354 1361 1377 1379 1424 1448 1449 1450 1451 1452 1453 1454 1455 1456 1457 1458 1459 1460 1461 1531 1539 
community 2: 6 198 287 296 320 334 377 519 520 521 522 523 524 525 632 695 696 754 886 906 1175 1176 1177 1190 1244 1263 1265 1266 1270 1271 1273 1274 1275 1276 1277 1278 1296 1297 1298 1336 1337 1338 1339 1340 1343 1344 1345 1346 1347 1349 1404 1438 1444 1511 
community 3: 47 82 84 87 191 192 194 199 203 264 304 338 357 447 461 462 534 606 617 624 729 750 777 793 794 795 796 797 798 799 800 801 802 844 845 846 990 991 992 993 994 995 996 997 998 999 1000 1001 1050 1051 1052 1053 1054 1055 1057 1058 1121 1133 1208 1257 1317 1415 1416 1417 1418 1419 1420 1426 1427 1437 
community 4: 138 260 455 477 618 634 665 674 715 817 1168 1178 1272 1294 1385 1386 1527 
community 5: 2 53 55 59 239 243 244 245 297 346 370 371 378 379 380 381 382 406 407 408 409 410 435 440 441 443 448 550 623 628 631 635 639 667 770 773 831 857 888 1075 1076 1077 1078 1079 1080 1081 1082 1083 1105 1174 1221 1222 1223 1225 1226 1305 1325 1326 1330 1342 1480 
community 6: 1 16 96 97 104 119 142 148 171 202 213 214 215 216 217 232 234 263 398 399 442 471 484 486 487 488 489 490 491 495 602 608 609 620 677 722 723 806 807 808 809 810 811 812 813 814 815 816 818 819 820 821 822 1084 1210 1215 1216 1217 1218 1219 1230 1232 1233 1235 1236 1237 1238 1260 1261 1308 1334 1352 1518 1532 
community 7: 131 324 326 328 329 330 333 373 637 825 894 936 1312 1313 1314 1315 1316 1383 1384 1387 
community 8: 3 5 15 50 51 52 54 58 79 99 117 118 176 177 178 179 195 208 218 231 255 256 257 258 259 364 365 412 413 417 434 492 496 537 538 566 612 613 614 615 616 730 731 759 760 761 762 764 766 868 933 1110 1111 1112 1113 1114 1115 1117 1126 1141 1180 1181 1182 1189 1291 1318 1319 1320 1321 1331 1443 1481 1500 1501 1510 1526 
community 9: 80 416 418 419 433 633 763 1341 1348 1350 
community 10: 273 317 507 557 558 559 561 562 564 588 589 590 591 592 593 594 595 621 745 1085 1086 1087 1088 1089 1090 1091 1092 1093 1094 1332 
community 11: 91 93 100 151 152 174 307 347 349 350 551 675 721 728 752 791 836 841 869 897 898 1137 1140 1171 1183 1259 1299 1322 1323 1324 1333 1533 1535 
community 12: 63 124 127 175 253 341 352 402 403 423 444 502 536 787 790 834 835 872 907 908 909 910 911 912 913 914 915 916 917 918 919 920 921 922 923 924 925 926 927 928 929 930 931 932 1002 1003 1004 1056 1101 1267 1268 1373 1374 1468 1517 
community 13: 428 429 533 560 563 565 567 568 569 570 571 572 573 574 575 576 577 578 579 580 581 582 583 584 585 586 587 1524 
community 14: 226 227 266 303 727 1122 1407 
community 15: 110 147 155 163 164 165 166 212 390 452 472 717 1096 1195 1264 
community 16: 14 70 72 125 126 145 250 268 331 332 401 501 596 629 703 751 767 864 865 1158 1203 1358 1359 1360 1375 1463 1471 1472 1473 1474 1475 1476 1477 1478 1479 1515 1529 
community 17: 200 238 449 450 480 554 607 681 687 691 827 1062 1063 1064 1065 1066 1067 1069 1199 1200 1201 1283 1442 
community 18: 134 146 394 517 788 789 1102 1103 1123 1124 1125 1196 1397 1537 1538 
community 19: 108 356 530 683 684 693 694 1143 1145 1149 1150 1155 1167 1173 
community 20: 193 240 388 389 405 518 598 599 600 856 875 876 877 1107 1172 1187 1231 
community 21: 251 740 1146 1148 1156 1390 1440 1447 1505 1521 
community 22: 300 301 1142 1144 1154 1157 1159 1166 
community 23: 21 308 387 545 546 547 757 758 1164 
community 24: 20 156 205 206 430 512 513 514 640 641 702 
community 25: 40 188 353 363 526 873 874 1147 1151 1152 1153 
community 26: 8 9 88 89 139 197 321 870 1098 1104 1120 1191 1192 1220 1224 
community 27: 1465 
community 28: 204 207 225 275 878 879 880 881 882 
community 29: 779 781 782 783 784 785 786 1006 1229 
community 30: 60 196 219 220 221 254 415 671 742 1100 1214 1248 1251 
community 31: 10 11 12 116 246 247 269 270 284 305 355 396 400 404 411 735 755 756 1292 1300 1306 1357 1381 1382 1398 1422 1516 
community 32: 136 167 168 169 172 173 1186 1279 
community 33: 180 181 182 183 184 185 186 187 
community 34: 294 295 705 706 707 708 709 710 1391 1392 
community 35: 0 29 31 34 35 38 1118 
community 36: 23 24 25 26 27 132 133 135 241 543 
community 37: 1367 1368 1369 1370 1371 1372 
community 38: 276 277 278 279 421 422 
community 39: 351 636 673 682 685 688 690 692 
community 40: 103 343 344 345 716 749 1520 
community 41: 201 1395 1401 1402 1403 1423 
community 42: 457 458 467 479 733 734 738 1525 
community 43: 75 76 107 158 159 
community 44: 281 289 290 291 292 293 
community 45: 112 115 122 141 780 
community 46: 697 698 699 700 701 1197 
community 47: 106 128 129 130 137 1185 
community 48: 476 1162 1286 1287 1288 1289 1290 
community 49: 65 1482 1488 1490 1493 
community 50: 744 1484 1487 1491 1496 
community 51: 41 42 43 44 45 48 49 
community 52: 144 666 1184 1439 
community 53: 121 460 1295 1364 1365 1366 
community 54: 630 1193 1194 
community 55: 18 19 1095 1109 1435 
community 56: 32 33 36 39 1431 1441 
community 57: 679 1249 1250 1380 
community 58: 741 743 1464 1483 1489 1495 1503 
community 59: 611 1281 1309 1486 
community 60: 453 454 493 1301 1304 
community 61: 111 601 893 1228 1492 
community 62: 358 359 548 1280 
community 63: 468 469 704 1135 
community 64: 61 62 1353 1466 
community 65: 209 210 211 
community 66: 485 725 726 
community 67: 1160 1161 1163 1165 
community 68: 544 736 1408 1409 
community 69: 95 1212 1512 1514 
community 70: 828 829 830 1205 
community 71: 1405 1406 1410 
community 72: 105 153 354 446 
community 73: 78 1399 1400 
community 74: 4 438 904 1429 
community 75: 901 902 1508 
community 76: 714 837 838 839 
community 77: 771 772 803 804 
community 78: 28 30 37 
community 79: 154 170 
community 80: 511 1211 1213 
community 81: 374 375 376 
community 82: 73 74 832 1507 
community 83: 233 481 482 1433 
community 84: 189 849 
community 85: 604 1293 1389 
community 86: 503 505 
community 87: 242 459 549 1243 
community 88: 157 190 
community 89: 1239 1240 
community 90: 466 1204 1504 
community 91: 366 367 368 
community 92: 1059 1206 1262 
community 93: 67 68 
community 94: 885 887 
community 95: 252 645 672 
community 96: 64 66 69 162 
community 97: 753 826 
community 98: 899 900 
community 99: 510 1327 1328 
community 100: 71 310 
community 101: 850 851 1128 
community 102: 1252 1253 1254 1428 
community 103: 833 883 1513 
community 104: 719 720 
community 105: 143 861 862 
community 106: 265 1434 
community 107: 805 840 
community 108: 383 384 385 391 
community 109: 1130 1131 
community 110: 140 664 
community 111: 22 1430 
community 112: 318 342 896 1469 1470 
community 113: 539 540 768 
community 114: 1393 1394 
community 115: 1411 1412 
community 116: 552 1396 
community 117: 123 1241 
community 118: 113 1119 
community 119: 160 529 854 
community 120: 7 724 
community 121: 109 1179 
community 122: 17 1303 
community 123: 302 311 497 498 
community 124: 339 340 792 1376 
community 125: 228 229 
community 126: 397 1258 1269 1485 
community 127: 515 626 
community 128: 337 1528 1530 
community 129: 235 676 1127 1302 
community 130: 1169 1170 
community 131: 711 1310 1329 1506 
community 132: 853 855 1413 1414 
community 133: 1255 1256 
community 134: 508 509 
community 135: 1284 1285 
community 136: 746 747 
community 137: 1108 1502 
community 138: 473 474 
community 139: 774 775 776 
community 140: 532 732 
community 141: 1227 1494 
community 142: 712 713 
community 143: 325 327 
community 144: 1355 1356 
community 145: 319 884 
community 146: 852 858 
community 147: 499 500 
community 148: 362 905 
community 149: 274 859 
community 150: 556 1509 
community 151: 348 866 
community 152: 13 1534 
community 153: 283 765 
community 154: 456 1188 
community 155: 1497 1498 1499 
community 156: 149 150 
community 157: 823 824 
community 158: 306 1462 
community 159: 314 315 
community 160: 248 1351 
community 161: 81 83 
community 162: 282 718 
community 163: 335 336 
community 164: 1522 1523 
community 165: 603 610 
community 166: 267 1335 
community 167: 739 1245 
community 168: 527 528 
community 169: 1097 1099 
community 170: 414 451 1132 
community 171: 360 361 
community 172: 1116 1378 
community 173: 542 748 
community 174: 1362 1363 
community 175: 686 689 
community 176: 678 1421 
community 177: 541 1432 
community 178: 309 737 
community 179: 94 1436 
community 180: 605 1207 
community 181: 642 643 
community 182: 1138 1139 
community 183: 92 475 

performance
modularity: 0.7605
perplexity: 62.26
density: 0.1824 0.1905 0.3578 0.1851 0.1544 0.1475 0.2732 0.3789 0.0860 0.3556 0.7011 0.2689 0.2135 0.6587 0.2381 0.5333 0.0841 0.4466 0.2571 0.2857 0.2206 0.5778 0.8571 0.6389 0.7091 0.5273 0.2286 0.0000 0.4722 0.7222 0.2564 0.1481 0.3929 1.0000 0.3778 0.4762 0.6444 1.0000 0.9333 0.4286 0.7619 0.4667 0.3571 0.5000 0.4000 1.0000 0.5333 0.8000 1.0000 0.6000 0.9000 1.0000 0.6667 0.4667 0.6667 0.5000 0.4000 1.0000 0.9048 0.6667 0.3000 0.4000 0.5000 0.3333 0.3333 1.0000 0.6667 1.0000 0.3333 0.6667 0.6667 0.6667 0.8333 1.0000 0.6667 1.0000 0.5000 1.0000 0.6667 1.0000 1.0000 1.0000 0.3333 0.3333 1.0000 0.6667 1.0000 0.3333 1.0000 1.0000 0.6667 1.0000 1.0000 1.0000 1.0000 1.0000 0.6667 1.0000 1.0000 0.6667 1.0000 1.0000 0.8333 1.0000 1.0000 0.6667 1.0000 1.0000 0.8333 1.0000 1.0000 1.0000 0.9000 0.6667 1.0000 1.0000 1.0000 1.0000 1.0000 0.6667 1.0000 1.0000 1.0000 0.3333 0.3333 1.0000 0.3333 1.0000 0.6667 0.3333 1.0000 0.5000 0.3333 1.0000 1.0000 1.0000 1.0000 1.0000 1.0000 1.0000 1.0000 1.0000 1.0000 1.0000 1.0000 1.0000 1.0000 1.0000 1.0000 1.0000 1.0000 1.0000 1.0000 1.0000 1.0000 1.0000 1.0000 1.0000 1.0000 1.0000 1.0000 1.0000 1.0000 1.0000 1.0000 1.0000 1.0000 1.0000 1.0000 1.0000 0.6667 1.0000 1.0000 1.0000 1.0000 1.0000 1.0000 1.0000 1.0000 1.0000 1.0000 1.0000 1.0000 1.0000 
TPR: 0.9116 0.8481 0.9815 0.8714 0.3529 0.8525 0.9595 0.8500 0.7763 0.6000 0.9667 0.7879 0.8000 0.9643 0.4286 0.8667 0.4865 1.0000 0.8000 0.7857 0.7647 0.8000 1.0000 0.8889 1.0000 1.0000 0.6667 0.0000 0.7778 1.0000 0.5385 0.7407 0.6250 1.0000 0.6000 0.7143 0.9000 1.0000 1.0000 0.7500 0.8571 0.6667 0.8750 0.6000 0.5000 1.0000 0.6667 1.0000 1.0000 0.8000 1.0000 1.0000 0.7500 0.6667 0.0000 0.6000 0.6667 1.0000 1.0000 0.7500 0.0000 0.6000 0.0000 0.0000 0.0000 1.0000 0.0000 1.0000 0.0000 0.7500 0.7500 0.0000 1.0000 1.0000 0.7500 1.0000 0.0000 1.0000 0.0000 0.0000 1.0000 1.0000 0.0000 0.0000 0.0000 0.0000 0.0000 0.0000 0.0000 0.0000 0.0000 1.0000 1.0000 0.0000 0.0000 1.0000 0.7500 0.0000 0.0000 0.0000 0.0000 1.0000 1.0000 1.0000 0.0000 0.0000 0.0000 0.0000 1.0000 0.0000 0.0000 0.0000 1.0000 0.0000 0.0000 0.0000 0.0000 0.0000 0.0000 0.0000 0.0000 0.0000 0.0000 0.0000 0.0000 0.0000 0.0000 0.0000 0.0000 0.0000 0.0000 0.0000 0.0000 0.0000 0.0000 0.0000 0.0000 0.0000 0.0000 1.0000 0.0000 0.0000 0.0000 0.0000 0.0000 0.0000 0.0000 0.0000 0.0000 0.0000 0.0000 0.0000 0.0000 0.0000 0.0000 1.0000 0.0000 0.0000 0.0000 0.0000 0.0000 0.0000 0.0000 0.0000 0.0000 0.0000 0.0000 0.0000 0.0000 0.0000 0.0000 0.0000 0.0000 0.0000 0.0000 0.0000 0.0000 0.0000 0.0000 0.0000 0.0000 0.0000 0.0000 0.0000 
cut ratio: 0.0017 0.0032 0.0004 0.0002 0.0036 0.0004 0.0004 0.0011 0.0007 0.0038 0.0002 0.0003 0.0005 0.0000 0.0005 0.0008 0.0005 0.0006 0.0000 0.0000 0.0001 0.0000 0.0000 0.0002 0.0000 0.0001 0.0003 0.0006 0.0000 0.0000 0.0000 0.0004 0.0000 0.0000 0.0000 0.0000 0.0000 0.0000 0.0000 0.0000 0.0000 0.0000 0.0000 0.0000 0.0000 0.0000 0.0000 0.0000 0.0002 0.0000 0.0000 0.0000 0.0000 0.0000 0.0000 0.0000 0.0000 0.0000 0.0000 0.0000 0.0000 0.0000 0.0000 0.0000 0.0000 0.0000 0.0000 0.0000 0.0000 0.0000 0.0000 0.0000 0.0000 0.0000 0.0000 0.0000 0.0000 0.0000 0.0000 0.0000 0.0000 0.0000 0.0000 0.0000 0.0000 0.0000 0.0000 0.0000 0.0000 0.0000 0.0000 0.0000 0.0000 0.0000 0.0000 0.0000 0.0000 0.0000 0.0000 0.0000 0.0000 0.0000 0.0000 0.0000 0.0000 0.0000 0.0000 0.0000 0.0000 0.0000 0.0000 0.0000 0.0005 0.0000 0.0000 0.0000 0.0000 0.0000 0.0000 0.0000 0.0000 0.0000 0.0000 0.0000 0.0000 0.0000 0.0000 0.0000 0.0000 0.0000 0.0000 0.0000 0.0000 0.0000 0.0000 0.0000 0.0000 0.0000 0.0000 0.0000 0.0000 0.0000 0.0000 0.0000 0.0000 0.0000 0.0000 0.0000 0.0000 0.0000 0.0000 0.0000 0.0000 0.0000 0.0000 0.0000 0.0000 0.0000 0.0000 0.0000 0.0000 0.0000 0.0000 0.0000 0.0000 0.0000 0.0000 0.0000 0.0000 0.0000 0.0000 0.0000 0.0000 0.0000 0.0000 0.0000 0.0000 0.0000 0.0000 0.0000 0.0000 0.0000 0.0000 0.0000 
conductance: 0.0648 0.2406 0.0275 0.0197 0.6866 0.0609 0.0289 0.1818 0.1404 0.6444 0.0145 0.0533 0.0607 0.0020 0.3333 0.1450 0.2057 0.0813 0.0000 0.0000 0.0323 0.0000 0.0000 0.0612 0.0000 0.0333 0.1429 1.0000 0.0000 0.0000 0.0000 0.1333 0.0000 0.0000 0.0000 0.0000 0.0000 0.0000 0.0000 0.0000 0.0000 0.0000 0.0000 0.0000 0.0000 0.0000 0.0000 0.0000 0.0455 0.0000 0.0000 0.0000 0.0000 0.0000 0.0000 0.0000 0.0000 0.0000 0.0000 0.0000 0.0000 0.0000 0.0000 0.0000 0.0000 0.0000 0.0000 0.0000 0.0000 0.0000 0.0000 0.0000 0.0000 0.0000 0.0000 0.0000 0.0000 0.0000 0.0000 0.0000 0.0000 0.0000 0.0000 0.0000 0.0000 0.0000 0.0000 0.0000 0.0000 0.0000 0.0000 0.0000 0.0000 0.0000 0.0000 0.0000 0.0000 0.0000 0.0000 0.0000 0.0000 0.0000 0.0000 0.0000 0.0000 0.0000 0.0000 0.0000 0.0000 0.0000 0.0000 0.0000 0.1818 0.0000 0.0000 0.0000 0.0000 0.0000 0.0000 0.0000 0.0000 0.0000 0.0000 0.0000 0.0000 0.0000 0.0000 0.0000 0.0000 0.0000 0.0000 0.0000 0.0000 0.0000 0.0000 0.0000 0.0000 0.0000 0.0000 0.0000 0.0000 0.0000 0.0000 0.0000 0.0000 0.0000 0.0000 0.0000 0.0000 0.0000 0.0000 0.0000 0.0000 0.0000 0.0000 0.0000 0.0000 0.0000 0.0000 0.0000 0.0000 0.0000 0.0000 0.0000 0.0000 0.0000 0.0000 0.0000 0.0000 0.0000 0.0000 0.0000 0.0000 0.0000 0.0000 0.0000 0.0000 0.0000 0.0000 0.0000 0.0000 0.0000 0.0000 0.0000 
F measure: NA
ARI: NA
NMI: NA
