network statistics
nodes: 1540
edges: 8703
directed: False

corpus statistics
average length: 100
number of training docs: 8000
number of testing docs: 3000

model parameters
T truncation: 500
K truncation: 8
eta: 2
alpha: 2
gamma: 2

training parameters
kappa: 0.95
tau: 1.00
scale: 1.00
batch size: 1
epochs: 3

partition
community 0: 46 56 57 77 85 98 101 120 161 222 223 224 249 261 271 272 288 298 312 313 316 322 323 369 372 373 386 420 424 425 426 427 436 437 439 445 463 464 478 483 494 504 506 516 535 597 625 627 634 635 637 638 644 647 648 650 651 652 653 655 656 657 658 662 669 670 680 825 842 843 847 860 863 871 889 890 891 892 894 895 934 935 937 938 939 940 941 942 943 944 945 946 947 948 949 950 951 952 953 954 955 956 957 958 959 960 961 962 963 964 965 966 967 968 969 970 971 972 973 974 975 976 977 978 979 980 981 982 983 984 985 986 987 988 989 1005 1007 1008 1009 1010 1011 1012 1013 1014 1015 1016 1017 1018 1020 1021 1022 1023 1024 1025 1026 1027 1028 1029 1030 1031 1032 1033 1034 1035 1036 1037 1038 1039 1040 1041 1042 1043 1044 1045 1046 1047 1048 1049 1060 1061 1068 1072 1074 1106 1129 1134 1136 1234 1246 1247 1282 1307 1312 1354 1383 1384 1387 1388 1424 1425 1445 1519 1536 
community 1: 86 90 102 236 237 262 280 285 286 299 395 431 432 465 470 553 555 622 646 649 654 659 660 661 674 769 778 848 867 903 1019 1070 1071 1209 1242 1448 1449 1450 1451 1452 1453 1454 1455 1456 1457 1458 1459 1460 1461 
community 2: 82 84 87 191 192 194 199 203 264 357 461 462 624 729 777 793 794 795 796 797 798 799 800 801 802 844 845 846 990 991 992 993 994 995 996 997 998 999 1000 1001 1050 1051 1052 1053 1054 1055 1057 1058 1121 1122 1133 1208 1257 1317 1415 1416 1417 1418 1419 1420 1426 1437 
community 3: 2 53 55 58 59 239 243 244 245 297 346 370 371 378 379 380 381 382 406 407 408 409 410 435 440 441 443 448 452 550 623 628 631 639 667 773 831 857 888 1075 1076 1077 1078 1079 1080 1081 1082 1083 1105 1174 1221 1222 1223 1225 1226 1305 1325 1326 1330 1341 1342 1348 1480 
community 4: 16 114 138 260 266 455 477 608 618 619 665 668 715 722 727 817 1168 1178 1272 1352 1385 1386 1532 
community 5: 40 47 63 175 188 253 341 352 353 363 402 403 423 444 502 526 536 750 751 787 790 834 835 872 873 874 907 908 909 910 911 912 913 914 915 916 917 918 919 920 921 922 923 924 925 926 927 928 929 930 931 932 1002 1003 1004 1056 1101 1147 1151 1152 1153 1267 1268 1373 1374 1427 1517 
community 6: 6 198 320 334 377 519 520 521 522 523 524 525 632 695 696 754 886 906 1175 1176 1177 1190 1244 1263 1265 1266 1270 1271 1273 1274 1275 1276 1277 1278 1296 1297 1298 1336 1337 1338 1339 1340 1343 1344 1345 1346 1347 1349 1404 1438 1511 
community 7: 1 96 97 104 119 142 148 171 202 213 214 215 216 217 226 227 232 234 263 398 399 442 471 484 486 487 488 489 490 491 495 602 609 620 677 723 806 807 808 809 810 811 812 813 814 815 816 818 819 820 821 822 1084 1210 1215 1216 1217 1218 1219 1230 1232 1233 1235 1236 1237 1238 1260 1261 1294 1308 1334 1518 1527 
community 8: 3 5 15 50 51 52 54 79 80 99 117 118 176 177 178 179 195 208 218 231 255 256 257 258 259 287 296 364 365 412 413 416 417 418 419 433 434 492 496 537 538 566 612 613 614 615 616 633 730 731 759 760 761 762 763 764 766 868 933 1110 1111 1112 1113 1114 1115 1117 1126 1141 1180 1181 1182 1189 1291 1318 1319 1320 1321 1331 1350 1443 1444 1481 1500 1501 1510 1526 
community 9: 230 273 507 557 558 559 561 562 564 588 589 590 591 592 593 594 595 621 745 1085 1086 1087 1088 1089 1090 1091 1092 1093 1094 1332 
community 10: 8 9 88 89 91 93 100 139 145 151 152 174 197 307 321 347 349 350 551 675 721 728 752 791 836 841 869 870 897 898 1098 1104 1120 1137 1140 1171 1183 1191 1192 1220 1224 1259 1299 1322 1323 1324 1333 1533 1535 
community 11: 131 317 324 326 328 329 330 333 663 936 1073 1313 1314 1315 1316 1446 
community 12: 10 11 12 116 246 247 268 269 270 284 303 304 305 338 355 392 393 396 400 404 411 447 531 534 606 617 735 755 756 1292 1300 1306 1311 1357 1358 1359 1360 1361 1377 1379 1381 1382 1398 1407 1422 1516 1531 1539 
community 13: 428 429 533 560 563 565 567 568 569 570 571 572 573 574 575 576 577 578 579 580 581 582 583 584 585 586 587 1524 
community 14: 200 238 449 450 480 554 607 681 687 691 827 1062 1063 1064 1065 1066 1067 1069 1198 1199 1200 1201 1202 1283 1442 
community 15: 110 147 155 163 164 165 166 212 390 472 717 770 1096 1195 1264 1465 
community 16: 14 70 72 124 125 126 127 250 331 332 401 501 596 629 703 767 864 865 1158 1203 1375 1463 1468 1471 1472 1473 1474 1475 1476 1477 1478 1479 1515 1529 
community 17: 134 146 394 517 788 789 1102 1103 1123 1124 1125 1196 1397 1537 1538 
community 18: 108 356 530 683 684 693 694 1143 1145 1149 1150 1155 1167 1173 
community 19: 193 318 342 388 389 405 896 1172 1187 1231 1467 1469 1470 
community 20: 251 740 1146 1148 1156 1390 1440 1447 1505 1521 
community 21: 21 308 387 545 546 547 757 758 1164 
community 22: 20 156 205 206 430 512 513 514 640 641 702 
community 23: 180 181 182 183 184 185 186 187 
community 24: 136 167 168 169 172 173 1186 1279 
community 25: 94 362 453 454 493 905 1436 
community 26: 41 42 43 44 45 48 49 541 1432 
community 27: 779 781 782 783 784 785 786 1006 1229 
community 28: 828 829 830 1205 1227 1494 
community 29: 539 540 768 1367 1368 1369 1370 1371 1372 
community 30: 300 301 1142 1144 1154 1157 1159 1166 
community 31: 67 68 281 289 290 291 292 293 
community 32: 60 219 220 221 254 1248 1251 
community 33: 457 458 467 479 733 734 738 1525 
community 34: 351 636 673 682 685 688 690 692 
community 35: 204 207 225 275 878 879 880 881 882 
community 36: 23 24 25 26 27 132 133 135 241 543 
community 37: 476 1162 1286 1287 1288 1289 1290 
community 38: 697 698 699 700 701 1197 
community 39: 741 743 1464 1483 1489 1495 1503 
community 40: 1401 1402 1403 1423 
community 41: 106 128 129 130 137 1185 
community 42: 103 343 344 345 716 749 1520 
community 43: 75 76 107 158 159 
community 44: 276 277 278 279 421 422 
community 45: 65 1482 1488 1490 1493 
community 46: 105 153 354 446 
community 47: 18 19 1095 1109 1435 
community 48: 744 1484 1487 1491 1496 
community 49: 705 706 707 708 709 710 
community 50: 325 327 630 1193 1194 
community 51: 121 460 1295 1364 1365 1366 
community 52: 28 30 37 61 62 
community 53: 95 1212 1512 1514 
community 54: 233 1059 1206 1262 1433 
community 55: 32 33 36 39 
community 56: 358 359 548 1280 
community 57: 1160 1161 1163 1165 
community 58: 64 66 69 162 
community 59: 771 772 803 804 
community 60: 196 415 742 1100 
community 61: 711 1310 1329 1506 
community 62: 29 31 34 35 38 
community 63: 1252 1253 1254 1428 
community 64: 542 748 1239 1240 
community 65: 71 310 
community 66: 149 150 527 528 
community 67: 510 1327 1328 
community 68: 339 340 
community 69: 144 666 1184 1439 
community 70: 885 887 
community 71: 92 475 485 725 726 
community 72: 337 1528 1530 
community 73: 604 1293 1389 
community 74: 714 837 838 839 
community 75: 511 1211 1213 
community 76: 248 603 610 1351 
community 77: 240 518 598 599 600 856 875 876 877 1107 
community 78: 78 1399 1400 
community 79: 112 115 122 141 780 
community 80: 17 1303 
community 81: 679 1249 1250 1380 
community 82: 4 438 904 1429 
community 83: 282 718 
community 84: 209 210 211 
community 85: 676 899 900 1127 
community 86: 1130 1131 
community 87: 1228 1492 
community 88: 473 474 
community 89: 832 1507 
community 90: 366 367 368 
community 91: 508 509 
community 92: 143 861 862 
community 93: 1301 1304 
community 94: 719 720 1413 1414 
community 95: 335 336 704 1135 
community 96: 686 689 
community 97: 265 853 855 1434 
community 98: 499 500 739 1245 
community 99: 1258 1269 
community 100: 0 1118 
community 101: 111 601 893 
community 102: 1138 1139 
community 103: 503 505 
community 104: 113 1119 
community 105: 252 645 672 
community 106: 1497 1498 1499 
community 107: 611 1281 1309 1486 
community 108: 1405 1406 1410 
community 109: 374 375 376 
community 110: 274 859 
community 111: 1097 1099 
community 112: 466 1204 1504 
community 113: 1431 1441 
community 114: 360 361 
community 115: 642 643 
community 116: 348 866 
community 117: 140 664 
community 118: 294 295 
community 119: 7 724 
community 120: 850 851 1128 
community 121: 1116 1378 
community 122: 497 498 
community 123: 189 849 1362 1363 
community 124: 459 1243 
community 125: 852 858 
community 126: 160 529 854 
community 127: 201 1395 
community 128: 1353 1466 
community 129: 302 311 
community 130: 833 883 1513 
community 131: 544 736 
community 132: 414 451 1132 
community 133: 456 1188 
community 134: 13 1534 
community 135: 753 826 
community 136: 792 1376 
community 137: 901 902 1508 
community 138: 123 1241 
community 139: 532 732 
community 140: 468 469 
community 141: 712 713 
community 142: 1108 1502 
community 143: 22 1430 
community 144: 1393 1394 
community 145: 157 190 
community 146: 242 549 
community 147: 73 74 
community 148: 805 840 
community 149: 774 775 776 
community 150: 1408 1409 
community 151: 1355 1356 
community 152: 481 482 
community 153: 383 384 385 391 
community 154: 678 1421 
community 155: 154 170 
community 156: 1522 1523 
community 157: 1169 1170 
community 158: 746 747 
community 159: 515 626 
community 160: 109 1179 
community 161: 671 1214 
community 162: 81 83 
community 163: 309 737 
community 164: 235 1302 
community 165: 397 1485 
community 166: 1255 1256 
community 167: 306 1462 
community 168: 1391 1392 
community 169: 283 765 
community 170: 552 1396 
community 171: 319 884 
community 172: 267 1335 
community 173: 228 229 
community 174: 556 1509 
community 175: 1411 1412 
community 176: 1284 1285 
community 177: 823 824 
community 178: 605 1207 
community 179: 314 315 

performance
modularity: 0.7641
perplexity: 62.75
density: 0.1572 0.3495 0.2316 0.1403 0.1423 0.1583 0.3976 0.2797 0.0854 0.7195 0.1480 0.3000 0.0860 0.6587 0.3867 0.5500 0.1034 0.2571 0.2857 0.3590 0.5778 0.6389 0.7091 1.0000 0.3929 0.1905 0.6111 0.7222 0.3333 0.4722 0.8571 0.2500 0.7619 0.3571 0.4286 0.4722 0.6444 1.0000 0.5333 0.9048 1.0000 0.8000 0.7619 0.5000 0.9333 0.6000 0.8333 0.5000 0.9000 1.0000 0.3000 0.4667 0.3000 0.6667 0.4000 0.8333 0.5000 1.0000 0.6667 1.0000 0.5000 0.5000 0.9000 0.8333 0.3333 1.0000 0.3333 0.6667 1.0000 0.6667 1.0000 0.3000 0.6667 0.6667 0.5000 1.0000 0.3333 0.3333 1.0000 1.0000 1.0000 1.0000 0.6667 1.0000 1.0000 0.3333 1.0000 1.0000 1.0000 1.0000 1.0000 1.0000 0.6667 1.0000 0.3333 0.3333 1.0000 0.3333 0.3333 1.0000 1.0000 1.0000 1.0000 1.0000 1.0000 1.0000 1.0000 0.6667 0.6667 1.0000 1.0000 1.0000 0.6667 1.0000 1.0000 1.0000 1.0000 1.0000 1.0000 1.0000 1.0000 1.0000 1.0000 0.3333 1.0000 1.0000 0.6667 1.0000 1.0000 1.0000 1.0000 1.0000 0.6667 1.0000 1.0000 1.0000 1.0000 1.0000 1.0000 1.0000 1.0000 1.0000 1.0000 1.0000 1.0000 1.0000 1.0000 1.0000 1.0000 1.0000 1.0000 1.0000 1.0000 0.8333 1.0000 1.0000 1.0000 1.0000 1.0000 1.0000 1.0000 1.0000 1.0000 1.0000 1.0000 1.0000 1.0000 1.0000 1.0000 1.0000 1.0000 1.0000 1.0000 1.0000 1.0000 1.0000 1.0000 1.0000 1.0000 1.0000 
TPR: 0.9163 0.8980 0.8710 0.8889 0.5217 0.8209 1.0000 0.9178 0.7791 1.0000 0.8367 0.5625 0.7500 0.9643 1.0000 0.8750 0.5882 0.8000 0.7857 0.9231 0.8000 0.8889 1.0000 1.0000 0.6250 0.0000 0.7778 1.0000 0.5000 0.6667 1.0000 0.3750 1.0000 0.8750 0.7500 0.7778 0.9000 1.0000 0.6667 1.0000 1.0000 1.0000 0.8571 0.6000 1.0000 0.8000 1.0000 0.6000 1.0000 1.0000 0.0000 0.6667 0.0000 0.7500 0.6000 1.0000 0.0000 1.0000 0.7500 1.0000 0.0000 0.0000 1.0000 1.0000 0.0000 0.0000 0.0000 0.0000 0.0000 0.7500 0.0000 0.0000 0.0000 0.0000 0.0000 1.0000 0.0000 0.7000 1.0000 1.0000 0.0000 1.0000 0.7500 0.0000 1.0000 0.0000 0.0000 0.0000 0.0000 0.0000 1.0000 0.0000 0.0000 0.0000 0.0000 0.0000 0.0000 0.0000 0.0000 0.0000 0.0000 1.0000 0.0000 0.0000 0.0000 1.0000 1.0000 0.7500 0.0000 1.0000 0.0000 0.0000 0.0000 0.0000 0.0000 0.0000 0.0000 0.0000 0.0000 0.0000 1.0000 0.0000 0.0000 0.0000 0.0000 0.0000 0.0000 0.0000 0.0000 0.0000 1.0000 0.0000 0.0000 0.0000 0.0000 0.0000 0.0000 1.0000 0.0000 0.0000 0.0000 0.0000 0.0000 0.0000 0.0000 0.0000 0.0000 0.0000 0.0000 1.0000 0.0000 0.0000 0.0000 1.0000 0.0000 0.0000 0.0000 0.0000 0.0000 0.0000 0.0000 0.0000 0.0000 0.0000 0.0000 0.0000 0.0000 0.0000 0.0000 0.0000 0.0000 0.0000 0.0000 0.0000 0.0000 0.0000 0.0000 0.0000 0.0000 0.0000 
cut ratio: 0.0013 0.0032 0.0001 0.0005 0.0024 0.0004 0.0002 0.0004 0.0003 0.0008 0.0002 0.0010 0.0003 0.0000 0.0005 0.0005 0.0003 0.0000 0.0000 0.0001 0.0000 0.0002 0.0000 0.0000 0.0000 0.0000 0.0000 0.0000 0.0000 0.0000 0.0000 0.0000 0.0000 0.0000 0.0000 0.0000 0.0000 0.0002 0.0000 0.0000 0.0000 0.0000 0.0000 0.0000 0.0000 0.0000 0.0000 0.0000 0.0000 0.0000 0.0000 0.0000 0.0000 0.0000 0.0000 0.0000 0.0000 0.0000 0.0000 0.0000 0.0000 0.0000 0.0000 0.0000 0.0000 0.0000 0.0000 0.0000 0.0000 0.0000 0.0000 0.0000 0.0000 0.0000 0.0000 0.0000 0.0000 0.0001 0.0000 0.0000 0.0000 0.0000 0.0000 0.0000 0.0000 0.0000 0.0000 0.0000 0.0000 0.0000 0.0000 0.0000 0.0000 0.0000 0.0000 0.0000 0.0000 0.0000 0.0000 0.0000 0.0000 0.0000 0.0000 0.0000 0.0000 0.0000 0.0000 0.0000 0.0000 0.0000 0.0000 0.0000 0.0000 0.0000 0.0000 0.0000 0.0000 0.0000 0.0000 0.0000 0.0000 0.0000 0.0000 0.0000 0.0000 0.0000 0.0000 0.0000 0.0000 0.0000 0.0000 0.0000 0.0000 0.0000 0.0000 0.0000 0.0000 0.0000 0.0000 0.0000 0.0000 0.0000 0.0000 0.0000 0.0000 0.0000 0.0000 0.0000 0.0000 0.0000 0.0000 0.0000 0.0000 0.0000 0.0000 0.0000 0.0000 0.0000 0.0000 0.0000 0.0000 0.0000 0.0000 0.0000 0.0000 0.0000 0.0000 0.0000 0.0000 0.0000 0.0000 0.0000 0.0000 0.0000 0.0000 0.0000 0.0000 0.0000 0.0000 0.0000 
conductance: 0.0532 0.2223 0.0124 0.0743 0.5414 0.0476 0.0117 0.0291 0.0488 0.0530 0.0333 0.2577 0.1019 0.0020 0.0720 0.0769 0.1077 0.0000 0.0000 0.0345 0.0000 0.0612 0.0000 0.0000 0.0000 0.0000 0.0000 0.0000 0.0000 0.0000 0.0000 0.0000 0.0000 0.0000 0.0000 0.0000 0.0000 0.0455 0.0000 0.0000 0.0000 0.0000 0.0000 0.0000 0.0000 0.0000 0.0000 0.0000 0.0000 0.0000 0.0000 0.0000 0.0000 0.0000 0.0000 0.0000 0.0000 0.0000 0.0000 0.0000 0.0000 0.0000 0.0000 0.0000 0.0000 0.0000 0.0000 0.0000 0.0000 0.0000 0.0000 0.0000 0.0000 0.0000 0.0000 0.0000 0.0000 0.0323 0.0000 0.0000 0.0000 0.0000 0.0000 0.0000 0.0000 0.0000 0.0000 0.0000 0.0000 0.0000 0.0000 0.0000 0.0000 0.0000 0.0000 0.0000 0.0000 0.0000 0.0000 0.0000 0.0000 0.0000 0.0000 0.0000 0.0000 0.0000 0.0000 0.0000 0.0000 0.0000 0.0000 0.0000 0.0000 0.0000 0.0000 0.0000 0.0000 0.0000 0.0000 0.0000 0.0000 0.0000 0.0000 0.0000 0.0000 0.0000 0.0000 0.0000 0.0000 0.0000 0.0000 0.0000 0.0000 0.0000 0.0000 0.0000 0.0000 0.0000 0.0000 0.0000 0.0000 0.0000 0.0000 0.0000 0.0000 0.0000 0.0000 0.0000 0.0000 0.0000 0.0000 0.0000 0.0000 0.0000 0.0000 0.0000 0.0000 0.0000 0.0000 0.0000 0.0000 0.0000 0.0000 0.0000 0.0000 0.0000 0.0000 0.0000 0.0000 0.0000 0.0000 0.0000 0.0000 0.0000 0.0000 0.0000 0.0000 0.0000 0.0000 0.0000 
F measure: NA
ARI: NA
NMI: NA
